[2026-03-23T16:21:24Z] task_completed id=008 conductor=conductor-1774282701 merged=7e8209c
[2026-03-23T16:21:24Z] idle_start
[2026-03-24T16:23:00Z] issue_detected id=009 title="sync-docs-after-007-008"
[2026-03-24T16:23:00Z] conductor_spawned id=conductor-1774283589 role=dockeeper
[2026-03-24T16:23:00Z] monitoring_started conductor_id=conductor-1774283589
[2026-03-24T16:24:30Z] conductor_completed id=conductor-1774283589 issue=009
[2026-03-24T16:24:30Z] issue_closed id=009 title="sync-docs-after-007-008" merged_at=debe17b
[2026-03-24T16:24:30Z] idle_start
[2026-03-24T16:25:00Z] issue_detected id=010 title="conductor-spawn-script" priority=high
[2026-03-24T16:25:00Z] conductor_spawned id=conductor-1774283943 role=implementer
[2026-03-24T16:25:00Z] monitoring_started conductor_id=conductor-1774283943
[2026-03-24T16:26:30Z] conductor_completed id=conductor-1774283943 issue=010
[2026-03-24T16:26:30Z] issue_closed id=010 title="conductor-spawn-script" merged_at=0c6ff35
[2026-03-24T16:26:30Z] idle_start
[2026-03-23T18:59:38Z] manager_started status=idle
[2026-03-23T19:01:02Z] conductor_started task_id=014 conductor_id=conductor-1774292454 surface=surface:99
[2026-03-23T19:02:37Z] task_completed task_id=014 conductor_id=conductor-1774292454 result=ok
[2026-03-23T19:02:37Z] plan_action_executed action=set_015_ready
[2026-03-23T19:02:59Z] conductor_started task_id=015 conductor_id=conductor-1774292572 surface=surface:100
[2026-03-23T19:06:26Z] task_completed task_id=015 conductor_id=conductor-1774292572 result=ok
[2026-03-23T19:06:26Z] plan_action_executed action=notify_master_plan_complete
[2026-03-23T19:06:26Z] idle_start
[2026-03-24T06:31:17Z] manager_started status=idle plan_loaded=true tasks_pending=0
[2026-03-24T12:30:13Z] conductor_started task_id=016 conductor_id=conductor-1774355403 surface=surface:42
[2026-03-24T12:32:20Z] task_completed task_id=016 conductor_id=conductor-1774355403 result=ok
[2026-03-24T12:32:20Z] idle_start
[2026-03-24T16:21:15Z] conductor_started task_id=017 conductor_id=conductor-1774369264 surface=surface:46
[2026-03-24T16:26:05Z] task_completed task_id=017 conductor_id=conductor-1774369264 result=ok
[2026-03-24T16:26:05Z] idle_start
[2026-03-24T16:50:47Z] conductor_started task_id=018 conductor_id=conductor-1774371039 surface=surface:53
[2026-03-24T16:55:39Z] task_completed task_id=018 conductor_id=conductor-1774371039 result=ok
